NOMBRE : Toy 

COMENTARIO :  Toy instance for the Windy Postman Problem (WPP)

Graph is NOT eulerian! - Starting the conversion to eulerian proc
2.(a) complete
2.(b) - first part complete, we have: 6 odd vertices
this gives us in total: 15.0 comparisons
<<TOTAL-TIME-FOR-SHORTEST-PATH: 0.1702280044555664>>>>>>>>>>>
2.(b) complete
0.0022935867309570312
<<<Solver Init complete, now starting solver>>
Solution:
0.0012843608856201172
2.(c) complete
7.176399230957031e-05
2.(d) - complete
Eulerian conversion complete
PARSE_TO_FILE
3.(0) - Starting wins_algorithm
0.00011897087097167969
3.(1) - complete
1.6927719116210938e-05
3.(2) - complete
0.00014901161193847656
Minimum Flow cost:  3800
3.(3) - complete
7.772445678710938e-05
Final digraph constructed
8.606910705566406e-05
<<<<EULER-TOUR-COMPLETE>>>>
<<<<WPP-TOUR>>>>
[1, 2, 3, 4, 5, 6, 7, 8, 9, 11, 10, 9, 12, 13, 14, 6, 7, 5, 3, 5, 7, 8, 12, 14, 2, 14, 13, 1]
Total cost of: 222
