NOMBRE : Toy 

COMENTARIO :  Toy instance for the Windy Postman Problem (WPP)

Graph is NOT eulerian! - Starting the conversion to eulerian proc
2.(a) complete
2.(b) - first part complete, we have: 6 odd vertices
this gives us in total: 15.0 comparisons
<<TOTAL-TIME-FOR-SHORTEST-PATH: 0.17313766479492188>>>>>>>>>>>
2.(b) complete
0.0006837844848632812
<<<Solver Init complete, now starting solver>>
Solution:
0.0037810802459716797
2.(c) complete
0.00011968612670898438
2.(d) - complete
Eulerian conversion complete
PARSE_TO_FILE
3.(0) - Starting wins_algorithm
9.846687316894531e-05
3.(1) - complete
1.4066696166992188e-05
3.(2) - complete
0.00012254714965820312
Minimum Flow cost:  3800
3.(3) - complete
6.437301635742188e-05
Final digraph constructed
8.058547973632812e-05
<<<<EULER-TOUR-COMPLETE>>>>
<<<<WPP-TOUR>>>>
[1, 2, 3, 4, 5, 6, 7, 8, 9, 11, 10, 9, 12, 13, 14, 6, 7, 5, 3, 5, 7, 8, 12, 14, 2, 14, 13, 1]
Total cost of: 222
